Using pre-set license
Built from '2022.2/staging' branch; Version is '2022.2.9f1 (1cc571a6ec95) revision 1885553'; Using compiler version '192829333'; Build Type 'Release'
OS: 'Windows 10  (10.0.19045) 64bit Education' Language: 'fi' Physical Memory: 16196 MB
BatchMode: 1, IsHumanControllingUs: 0, StartBugReporterOnCrash: 0, Is64bit: 1, IsPro: 1

COMMAND LINE ARGUMENTS:
C:\Program Files\Unity 2022.2.9f1\Editor\Unity.exe
-adb2
-batchMode
-noUpm
-name
AssetImportWorker0
-projectPath
C:/Users/k2102691/source/repos/Kissaritari/3Dpeli/3dprojekti
-logFile
Logs/AssetImportWorker0.log
-srvPort
54013
Successfully changed project path to: C:/Users/k2102691/source/repos/Kissaritari/3Dpeli/3dprojekti
C:/Users/k2102691/source/repos/Kissaritari/3Dpeli/3dprojekti
[UnityMemory] Configuration Parameters - Can be set up in boot.config
    "memorysetup-bucket-allocator-granularity=16"
    "memorysetup-bucket-allocator-bucket-count=8"
    "memorysetup-bucket-allocator-block-size=33554432"
    "memorysetup-bucket-allocator-block-count=8"
    "memorysetup-main-allocator-block-size=16777216"
    "memorysetup-thread-allocator-block-size=16777216"
    "memorysetup-gfx-main-allocator-block-size=16777216"
    "memorysetup-gfx-thread-allocator-block-size=16777216"
    "memorysetup-cache-allocator-block-size=4194304"
    "memorysetup-typetree-allocator-block-size=2097152"
    "memorysetup-profiler-bucket-allocator-granularity=16"
    "memorysetup-profiler-bucket-allocator-bucket-count=8"
    "memorysetup-profiler-bucket-allocator-block-size=33554432"
    "memorysetup-profiler-bucket-allocator-block-count=8"
    "memorysetup-profiler-allocator-block-size=16777216"
    "memorysetup-profiler-editor-allocator-block-size=1048576"
    "memorysetup-temp-allocator-size-main=16777216"
    "memorysetup-job-temp-allocator-block-size=2097152"
    "memorysetup-job-temp-allocator-block-size-background=1048576"
    "memorysetup-job-temp-allocator-reduction-small-platforms=262144"
    "memorysetup-temp-allocator-size-background-worker=32768"
    "memorysetup-temp-allocator-size-job-worker=262144"
    "memorysetup-temp-allocator-size-preload-manager=33554432"
    "memorysetup-temp-allocator-size-nav-mesh-worker=65536"
    "memorysetup-temp-allocator-size-audio-worker=65536"
    "memorysetup-temp-allocator-size-cloud-worker=32768"
    "memorysetup-temp-allocator-size-gi-baking-worker=262144"
    "memorysetup-temp-allocator-size-gfx=262144"
Player connection [11180] Host "[IP] 192.168.140.1 [Port] 0 [Flags] 2 [Guid] 2568161971 [EditorId] 2568161971 [Version] 1048832 [Id] WindowsEditor(7,C-A3401-29) [Debug] 1 [PackageName] WindowsEditor [ProjectName] Editor" joined multi-casting on [225.0.0.222:54997]...

Player connection [11180] Host "[IP] 192.168.140.1 [Port] 0 [Flags] 2 [Guid] 2568161971 [EditorId] 2568161971 [Version] 1048832 [Id] WindowsEditor(7,C-A3401-29) [Debug] 1 [PackageName] WindowsEditor [ProjectName] Editor" joined alternative multi-casting on [225.0.0.222:34997]...

Refreshing native plugins compatible for Editor in 9.83 ms, found 3 plugins.
Preloading 0 native plugins for Editor in 0.00 ms.
Initialize engine version: 2022.2.9f1 (1cc571a6ec95)
[Subsystems] Discovering subsystems at path C:/Program Files/Unity 2022.2.9f1/Editor/Data/Resources/UnitySubsystems
[Subsystems] Discovering subsystems at path C:/Users/k2102691/source/repos/Kissaritari/3Dpeli/3dprojekti/Assets
GfxDevice: creating device client; threaded=0; jobified=0
Direct3D:
    Version:  Direct3D 11.0 [level 11.1]
    Renderer: NVIDIA Quadro P400 (ID=0x1cb3)
    Vendor:   NVIDIA
    VRAM:     1981 MB
    Driver:   31.0.15.1659
Initialize mono
Mono path[0] = 'C:/Program Files/Unity 2022.2.9f1/Editor/Data/Managed'
Mono path[1] = 'C:/Program Files/Unity 2022.2.9f1/Editor/Data/MonoBleedingEdge/lib/mono/unityjit-win32'
Mono config path = 'C:/Program Files/Unity 2022.2.9f1/Editor/Data/MonoBleedingEdge/etc'
Using monoOptions --debugger-agent=transport=dt_socket,embedding=1,server=y,suspend=n,address=127.0.0.1:56836
Begin MonoManager ReloadAssembly
Registering precompiled unity dll's ...
Register platform support module: C:/Program Files/Unity 2022.2.9f1/Editor/Data/PlaybackEngines/WindowsStandaloneSupport/UnityEditor.WindowsStandalone.Extensions.dll
Registered in 0.008345 seconds.
- Loaded All Assemblies, in  0.358 seconds
Native extension for WindowsStandalone target not found
Mono: successfully reloaded assembly
- Finished resetting the current domain, in  0.291 seconds
Domain Reload Profiling:
	ReloadAssembly (213ms)
		BeginReloadAssembly (97ms)
			ExecutionOrderSort (0ms)
			DisableScriptedObjects (0ms)
			BackupInstance (0ms)
			ReleaseScriptingObjects (0ms)
			CreateAndSetChildDomain (1ms)
		LoadAllAssembliesAndSetupDomain (0ms)
			LoadAssemblies (94ms)
			RebuildTransferFunctionScriptingTraits (0ms)
			SetupTypeCache (135ms)
				TypeCache.Initialize (134ms)
					TypeCache.ScanAssembly (133ms)
				ResolveRequiredComponents (1ms)
		FinalizeReload (0ms)
			ReleaseScriptCaches (0ms)
			RebuildScriptCaches (0ms)
			SetupLoadedEditorAssemblies (227ms)
				LogAssemblyErrors (0ms)
				InitializePlatformSupportModulesInManaged (10ms)
				SetLoadedEditorAssemblies (9ms)
				RefreshPlugins (0ms)
				BeforeProcessingInitializeOnLoad (1ms)
				ProcessInitializeOnLoadAttributes (153ms)
				ProcessInitializeOnLoadMethodAttributes (53ms)
				AfterProcessingInitializeOnLoad (0ms)
				EditorAssembliesLoaded (0ms)
			ExecutionOrderSort2 (0ms)
			AwakeInstancesAfterBackupRestoration (0ms)
========================================================================
Worker process is ready to serve import requests
Begin MonoManager ReloadAssembly
Symbol file LoadedFromMemory doesn't match image C:\Users\k2102691\source\repos\Kissaritari\3Dpeli\3dprojekti\Library\PackageCache\com.unity.visualscripting@1.8.0\Editor\VisualScripting.Core\Dependencies\YamlDotNet\Unity.VisualScripting.YamlDotNet.dll
Symbol file LoadedFromMemory doesn't match image C:\Users\k2102691\source\repos\Kissaritari\3Dpeli\3dprojekti\Library\PackageCache\com.unity.visualscripting@1.8.0\Editor\VisualScripting.Core\Dependencies\DotNetZip\Unity.VisualScripting.IonicZip.dll
- Loaded All Assemblies, in  0.780 seconds
Refreshing native plugins compatible for Editor in 3.49 ms, found 3 plugins.
Native extension for WindowsStandalone target not found
Mono: successfully reloaded assembly
- Finished resetting the current domain, in  0.611 seconds
Domain Reload Profiling:
	ReloadAssembly (235ms)
		BeginReloadAssembly (140ms)
			ExecutionOrderSort (0ms)
			DisableScriptedObjects (7ms)
			BackupInstance (0ms)
			ReleaseScriptingObjects (0ms)
			CreateAndSetChildDomain (22ms)
		LoadAllAssembliesAndSetupDomain (542ms)
			LoadAssemblies (280ms)
			RebuildTransferFunctionScriptingTraits (0ms)
			SetupTypeCache (327ms)
				TypeCache.Initialize (305ms)
					TypeCache.ScanAssembly (301ms)
				ResolveRequiredComponents (5ms)
		FinalizeReload (0ms)
			ReleaseScriptCaches (0ms)
			RebuildScriptCaches (0ms)
			SetupLoadedEditorAssemblies (455ms)
				LogAssemblyErrors (0ms)
				InitializePlatformSupportModulesInManaged (6ms)
				SetLoadedEditorAssemblies (3ms)
				RefreshPlugins (0ms)
				BeforeProcessingInitializeOnLoad (65ms)
				ProcessInitializeOnLoadAttributes (352ms)
				ProcessInitializeOnLoadMethodAttributes (19ms)
				AfterProcessingInitializeOnLoad (9ms)
				EditorAssembliesLoaded (0ms)
			ExecutionOrderSort2 (0ms)
			AwakeInstancesAfterBackupRestoration (7ms)
Launched and connected shader compiler UnityShaderCompiler.exe after 0.04 seconds
Refreshing native plugins compatible for Editor in 3.45 ms, found 3 plugins.
Preloading 0 native plugins for Editor in 0.00 ms.
Unloading 3459 Unused Serialized files (Serialized files now loaded: 0)
Unloading 69 unused Assets / (1.4 MB). Loaded Objects now: 3936.
Memory consumption went from 0.54 GB to 0.54 GB.
Total: 3.426400 ms (FindLiveObjects: 0.305400 ms CreateObjectMapping: 0.310700 ms MarkObjects: 2.507800 ms  DeleteObjects: 0.302000 ms)

AssetImportParameters requested are different than current active one (requested -> active):
  custom:container-demuxer-ogg: 62fdf1f143b41e24485cea50d1cbac27 -> 
  custom:video-decoder-ogg-theora: a1e56fd34408186e4bbccfd4996cb3dc -> 
  custom:framework-win-MediaFoundation: 216162199b28c13a410421893ffa2e32 -> 
  custom:container-demuxer-webm: 4f35f7cbe854078d1ac9338744f61a02 -> 
  custom:container-muxer-webm: aa71ff27fc2769a1b78a27578f13a17b -> 
  custom:video-decoder-webm-vp8: 9c59270c3fd7afecdb556c50c9e8de78 -> 
  custom:AudioImporter_EditorPlatform: d09bf68614088b80899f8185d706f6e7 -> 
  custom:video-encoder-webm-vp8: eb34c28f22e8b96e1ab97ce403110664 -> 
  custom:audio-decoder-ogg-vorbis: bf7c407c2cedff20999df2af8eb42d56 -> 
  custom:audio-encoder-webm-vorbis: bf7c407c2cedff20999df2af8eb42d56 -> 
========================================================================
Received Import Request.
  Time since last request: 14251.695922 seconds.
  path: Assets/texture/wall.mat
  artifactKey: Guid(889ab338ae1836847a68c7f99f2d6c6d) Importer(815301076,1909f56bfc062723c751e8b465ee728b)
Start importing Assets/texture/wall.mat using Guid(889ab338ae1836847a68c7f99f2d6c6d) Importer(815301076,1909f56bfc062723c751e8b465ee728b)  -> (artifact id: 'bf0ab3a4337a971cf5cab00cae5c3794') in 0.107885 seconds 
Number of updated asset objects reloaded before import = 0
Number of asset objects unloaded after import = 2
========================================================================
Received Import Request.
  Time since last request: 0.000027 seconds.
  path: Assets/texture/rock1.png
  artifactKey: Guid(dcda746bcef085e4fbdaec7018594184) Importer(815301076,1909f56bfc062723c751e8b465ee728b)
Start importing Assets/texture/rock1.png using Guid(dcda746bcef085e4fbdaec7018594184) Importer(815301076,1909f56bfc062723c751e8b465ee728b)  -> (artifact id: 'f8e2ba731fcec51462bc5b7e84874c82') in 0.020306 seconds 
Number of updated asset objects reloaded before import = 0
Number of asset objects unloaded after import = 2
========================================================================
Received Import Request.
  Time since last request: 0.000015 seconds.
  path: Assets/texture/glitch.mat
  artifactKey: Guid(c0ad39599325b7b4aa92956300f62330) Importer(815301076,1909f56bfc062723c751e8b465ee728b)
Start importing Assets/texture/glitch.mat using Guid(c0ad39599325b7b4aa92956300f62330) Importer(815301076,1909f56bfc062723c751e8b465ee728b)  -> (artifact id: '6d7f4549214587e22a02bbecf1bc4ab4') in 0.016312 seconds 
Number of updated asset objects reloaded before import = 0
Number of asset objects unloaded after import = 2
========================================================================
Received Import Request.
  Time since last request: 0.000014 seconds.
  path: Assets/texture/siding_wood_06.jpg
  artifactKey: Guid(e11afa9fc8294e240bf875f648ac93ac) Importer(815301076,1909f56bfc062723c751e8b465ee728b)
Start importing Assets/texture/siding_wood_06.jpg using Guid(e11afa9fc8294e240bf875f648ac93ac) Importer(815301076,1909f56bfc062723c751e8b465ee728b)  -> (artifact id: 'e3e1d5f83aa13cd2ff235eeb9cce28ee') in 0.011042 seconds 
Number of updated asset objects reloaded before import = 0
Number of asset objects unloaded after import = 2
========================================================================
Received Import Request.
  Time since last request: 181.620466 seconds.
  path: Assets/SkeletonWarrior/Mesh
  artifactKey: Guid(6f56f608835e7974799fd3ed8942ea30) Importer(815301076,1909f56bfc062723c751e8b465ee728b)
Start importing Assets/SkeletonWarrior/Mesh using Guid(6f56f608835e7974799fd3ed8942ea30) Importer(815301076,1909f56bfc062723c751e8b465ee728b)  -> (artifact id: '88751ce002b89c8ab7096a5eb7ddbf3b') in 0.000516 seconds 
Number of updated asset objects reloaded before import = 0
Number of asset objects unloaded after import = 0
========================================================================
Received Import Request.
  Time since last request: 0.068812 seconds.
  path: Assets/SkeletonWarrior/Mesh/SkeletonWarriorUnity.fbx
  artifactKey: Guid(8bbf8b7b8b5f1144ba263c0e541f0452) Importer(815301076,1909f56bfc062723c751e8b465ee728b)
Start importing Assets/SkeletonWarrior/Mesh/SkeletonWarriorUnity.fbx using Guid(8bbf8b7b8b5f1144ba263c0e541f0452) Importer(815301076,1909f56bfc062723c751e8b465ee728b)  -> (artifact id: '2c36665a09f56ca892aceac430d777a4') in 0.212321 seconds 
Number of updated asset objects reloaded before import = 0
Number of asset objects unloaded after import = 193
========================================================================
Received Import Request.
  Time since last request: 0.000023 seconds.
  path: Assets/SkeletonWarrior/Mesh/SWShield.fbx
  artifactKey: Guid(025ae4554eb92254989e33b389d97bb5) Importer(815301076,1909f56bfc062723c751e8b465ee728b)
Start importing Assets/SkeletonWarrior/Mesh/SWShield.fbx using Guid(025ae4554eb92254989e33b389d97bb5) Importer(815301076,1909f56bfc062723c751e8b465ee728b)  -> (artifact id: '0966a194020323ecc8b0b1e32daec00b') in 0.025723 seconds 
Number of updated asset objects reloaded before import = 0
Number of asset objects unloaded after import = 12
========================================================================
Received Import Request.
  Time since last request: 0.000024 seconds.
  path: Assets/SkeletonWarrior/Mesh/SWSword.fbx
  artifactKey: Guid(8093efb080b8e3746bd1a8f728ea71d1) Importer(815301076,1909f56bfc062723c751e8b465ee728b)
Start importing Assets/SkeletonWarrior/Mesh/SWSword.fbx using Guid(8093efb080b8e3746bd1a8f728ea71d1) Importer(815301076,1909f56bfc062723c751e8b465ee728b)  -> (artifact id: 'c1e09d363028eb4f02fed49b0a3f3eba') in 0.023404 seconds 
Number of updated asset objects reloaded before import = 0
Number of asset objects unloaded after import = 12
